<?xml version="1.0" encoding="UTF-8"?>
<!-- Generated by org.testng.reporters.JUnitXMLReporter -->
<testsuite hostname="BLR-SOFT--68" ignored="0" name="login test" tests="1" failures="1" timestamp="14 Sep 2018 12:11:11 GMT" time="0.016" errors="0">
  <testcase name="jdloginTest" time="0.0" classname="com.parameters.ParameterTest">
    <failure type="org.testng.TestNGException" message="
Cannot inject @Test annotated Method [jdloginTest] with [class java.lang.String, class java.lang.String, class java.lang.String].
For more information on native dependency injection please refer to http://testng.org/doc/documentation-main.html#native-dependency-injection">
      <![CDATA[org.testng.TestNGException: 
Cannot inject @Test annotated Method [jdloginTest] with [class java.lang.String, class java.lang.String, class java.lang.String].
For more information on native dependency injection please refer to http://testng.org/doc/documentation-main.html#native-dependency-injection
... Removed 24 stack frames]]>
    </failure>
  </testcase> <!-- jdloginTest -->
</testsuite> <!-- login test -->
