<?xml version="1.0" encoding="UTF-8"?>
<!-- Generated by org.testng.reporters.JUnitXMLReporter -->
<testsuite hostname="BLR-SOFT--68" ignored="0" name="Test" tests="2" failures="1" timestamp="22 Aug 2018 14:28:28 GMT" time="10.083" errors="0">
  <testcase name="openweb" time="3.204" classname="jdwebautomatn.class1xmlfile"/>
  <testcase name="hotelr" time="0.003" classname="jdwebautomatn.class1xmlfile">
    <failure type="java.lang.Error" message="Unresolved compilation problem: 
	Syntax error, insert &amp;quot;}&amp;quot; to complete MethodBody
">
      <![CDATA[java.lang.Error: Unresolved compilation problem: 
Syntax error, insert "}" to complete MethodBody

at jdwebautomatn.WebHomeElements.<init>(WebHomeElements.java:481)
at jdwebautomatn.class1xmlfile.hotelr(class1xmlfile.java:44)
... Removed 25 stack frames]]>
    </failure>
  </testcase> <!-- hotelr -->
</testsuite> <!-- Test -->
